2024-04-29T08:04:11+00:00 DEBUG Tt4b_Pixel_Class::inject_initiate_checkout_event: hit InitiateCheckout
2024-04-29T08:04:11+00:00 DEBUG Tt4b_Pixel_Class::inject_initiate_checkout_event: Missing option "access_token"
2024-04-29T08:18:45+00:00 DEBUG Tt4b_Pixel_Class::inject_initiate_checkout_event: hit InitiateCheckout
2024-04-29T08:18:45+00:00 DEBUG Tt4b_Pixel_Class::inject_initiate_checkout_event: Missing option "access_token"
2024-04-29T13:32:37+00:00 DEBUG Tt4b_Pixel_Class::inject_view_content_event: hit ViewContent
2024-04-29T13:32:37+00:00 DEBUG Tt4b_Pixel_Class::inject_view_content_event: Missing option "access_token"
2024-04-29T13:37:37+00:00 DEBUG tt4b_product_delete: missing access token for tt4b_product_sync
2024-04-29T13:37:37+00:00 DEBUG tt4b_product_delete: missing access token for tt4b_product_sync
2024-04-29T13:37:37+00:00 DEBUG tt4b_product_delete: missing access token for tt4b_product_sync
2024-04-29T13:37:37+00:00 DEBUG tt4b_product_delete: missing access token for tt4b_product_sync
2024-04-29T13:37:37+00:00 DEBUG tt4b_product_delete: missing access token for tt4b_product_sync
2024-04-29T13:37:37+00:00 DEBUG tt4b_product_delete: missing access token for tt4b_product_sync
2024-04-29T13:37:37+00:00 DEBUG tt4b_product_delete: missing access token for tt4b_product_sync
2024-04-29T13:37:37+00:00 DEBUG tt4b_product_delete: missing access token for tt4b_product_sync
2024-04-29T13:37:37+00:00 DEBUG tt4b_product_delete: missing access token for tt4b_product_sync
2024-04-29T13:37:37+00:00 DEBUG tt4b_product_delete: missing access token for tt4b_product_sync
2024-04-29T13:37:37+00:00 DEBUG tt4b_product_delete: missing access token for tt4b_product_sync
2024-04-29T13:37:37+00:00 DEBUG tt4b_product_delete: missing access token for tt4b_product_sync
2024-04-29T13:37:48+00:00 DEBUG Tt4b_Pixel_Class::inject_add_to_cart_event: hit AddToCart
2024-04-29T13:37:48+00:00 DEBUG Tt4b_Pixel_Class::inject_add_to_cart_event: Missing option "access_token"
